<?xml version="1.0" encoding="UTF-8"?>
<testsuite xmlns:xsi="http://www.w3.org/2001/XMLSchema-instance" xsi:noNamespaceSchemaLocation="https://maven.apache.org/surefire/maven-surefire-plugin/xsd/surefire-test-report.xsd" version="3.0.2" name="com.ShauzabMomDadAlinaAriza.ShauzabPresentFamily.ShauzabPresentFamilyApplicationTests" time="3.433" tests="1" errors="0" skipped="0" failures="0">
  <properties>
[...]
</properties>
  <testcase name="contextLoads" classname="com.ShauzabMomDadAlinaAriza.ShauzabPresentFamily.ShauzabPresentFamilyApplicationTests" time="0.834">
    <system-out><![CDATA[16:45:44.670 [main] INFO org.springframework.test.context.support.AnnotationConfigContextLoaderUtils -- Could not detect default configuration classes for test class [com.ShauzabMomDadAlinaAriza.ShauzabPresentFamily.ShauzabPresentFamilyApplicationTests]: ShauzabPresentFamilyApplicationTests does not declare any static, non-private, non-final, nested classes annotated with @Configuration.
16:45:44.866 [main] INFO org.springframework.boot.test.context.SpringBootTestContextBootstrapper -- Found @SpringBootConfiguration com.ShauzabMomDadAlinaAriza.ShauzabPresentFamily.ShauzabPresentFamilyApplication for test class com.ShauzabMomDadAlinaAriza.ShauzabPresentFamily.ShauzabPresentFamilyApplicationTests

  .   ____          _            __ _ _
 /\\ / ___'_ __ _ _(_)_ __  __ _ \ \ \ \
( ( )\___ | '_ | '_| | '_ \/ _` | \ \ \ \
 \\/  ___)| |_)| | | | | || (_| |  ) ) ) )
  '  |____| .__|_| |_|_| |_\__, | / / / /
 =========|_|==============|___/=/_/_/_/

 :: Spring Boot ::                (v3.5.5)

2025-09-13T16:45:45.581+05:30  INFO 9352 --- [           main] S.S.ShauzabPresentFamilyApplicationTests : Starting ShauzabPresentFamilyApplicationTests using Java 22.0.2 with PID 9352 (started by shauz in C:\Users\shauz\Downloads\ShauzabPresentFamily\ShauzabPresentFamily)
2025-09-13T16:45:45.582+05:30  INFO 9352 --- [           main] S.S.ShauzabPresentFamilyApplicationTests : No active profile set, falling back to 1 default profile: "default"
2025-09-13T16:45:47.039+05:30  INFO 9352 --- [           main] S.S.ShauzabPresentFamilyApplicationTests : Started ShauzabPresentFamilyApplicationTests in 1.914 seconds (process running for 3.242)
Tracking +918448641646 -> Lat: 28.653880249437965, Lon: 77.24944620939463
Tracking +919015226215 -> Lat: 28.673420147198673, Lon: 77.21838233421394
Tracking +919560481916 -> Lat: 28.613471091100298, Lon: 77.23003273095158
Tracking +918750351419 -> Lat: 28.643850274095318, Lon: 77.22174484492287
Tracking +919911632885 -> Lat: 28.640396544420327, Lon: 77.24562805160208
Tracking +918381582591 -> Lat: 28.65126043887459, Lon: 77.24453770901212
]]></system-out>
    <system-err><![CDATA[Mockito is currently self-attaching to enable the inline-mock-maker. This will no longer work in future releases of the JDK. Please add Mockito as an agent to your build as described in Mockito's documentation: https://javadoc.io/doc/org.mockito/mockito-core/latest/org.mockito/org/mockito/Mockito.html#0.3
WARNING: A Java agent has been loaded dynamically (C:\Users\shauz\.m2\repository\net\bytebuddy\byte-buddy-agent\1.17.7\byte-buddy-agent-1.17.7.jar)
WARNING: If a serviceability tool is in use, please run with -XX:+EnableDynamicAgentLoading to hide this warning
WARNING: If a serviceability tool is not in use, please run with -Djdk.instrument.traceUsage for more information
WARNING: Dynamic loading of agents will be disallowed by default in a future release
]]></system-err>
  </testcase>
</testsuite>